<?xml version="1.0" encoding="UTF-8"?>
<!-- Generated by org.testng.reporters.JUnitReportReporter -->
<testsuite skipped="0" hostname="CH1LPEGR90W7EQN" name="testcases.HomePage" tests="2" failures="0" timestamp="26 Oct 2021 10:27:48 GMT" time="38.217" errors="0">
  <testcase name="dDnIndustries" time="23.694" classname="testcases.HomePage"/>
  <testcase name="btnConnect" time="14.523" classname="testcases.HomePage"/>
</testsuite> <!-- testcases.HomePage -->
