<?xml version="1.0" encoding="UTF-8"?>
<!-- Generated by org.testng.reporters.JUnitReportReporter -->
<testsuite skipped="0" hostname="CH1LPEGR90W7EQN" name="testcases.ExcelTestCase" tests="1" failures="0" timestamp="23 Nov 2021 06:24:52 GMT" time="0.444" errors="0">
  <testcase name="test" time="0.444" classname="testcases.ExcelTestCase"/>
</testsuite> <!-- testcases.ExcelTestCase -->
