<?xml version="1.0" encoding="UTF-8"?>
<!-- Generated by org.testng.reporters.JUnitReportReporter -->
<testsuite skipped="0" hostname="CH1LPEGR90W7EQN" name="jsonTestCase.JsonTC" tests="1" failures="0" timestamp="02 Nov 2021 11:36:43 GMT" time="0.097" errors="0">
  <testcase name="run" time="0.097" classname="jsonTestCase.JsonTC"/>
</testsuite> <!-- jsonTestCase.JsonTC -->
