<?xml version="1.0" encoding="UTF-8"?>
<!-- Generated by org.testng.reporters.JUnitReportReporter -->
<testsuite skipped="0" hostname="CH1LPEGR90W7EQN" name="testcases.HomePage" tests="4" failures="0" timestamp="26 Oct 2021 06:14:44 GMT" time="49.562" errors="0">
  <testcase name="title" time="10.841" classname="testcases.HomePage"/>
  <testcase name="imgTest" time="12.272" classname="testcases.HomePage"/>
  <testcase name="dDnIndustries" time="12.660" classname="testcases.HomePage"/>
  <testcase name="btnConnect" time="13.789" classname="testcases.HomePage"/>
</testsuite> <!-- testcases.HomePage -->
