<?xml version="1.0" encoding="UTF-8"?>
<!-- Generated by org.testng.reporters.JUnitReportReporter -->
<testsuite skipped="0" hostname="CH1LPEGR90W7EQN" name="testcases.CSVTestCase" tests="1" failures="0" timestamp="02 Nov 2021 05:08:26 GMT" time="0.089" errors="0">
  <testcase name="f" time="0.089" classname="testcases.CSVTestCase"/>
</testsuite> <!-- testcases.CSVTestCase -->
