<?xml version="1.0" encoding="UTF-8"?>
<!-- Generated by org.testng.reporters.JUnitReportReporter -->
<testsuite skipped="0" hostname="CH1LPEGR90W7EQN" name="logging.FirstTest" tests="1" failures="0" timestamp="24 Nov 2021 08:32:27 GMT" time="2.126" errors="0">
  <testcase name="testLogging" time="2.126" classname="logging.FirstTest"/>
</testsuite> <!-- logging.FirstTest -->
