<?xml version="1.0" encoding="UTF-8"?>
<!-- Generated by org.testng.reporters.JUnitReportReporter -->
<testsuite skipped="0" hostname="CH1LPEGR90W7EQN" name="testcases.HomePage" tests="4" failures="0" timestamp="25 Oct 2021 06:54:39 GMT" time="50.680" errors="0">
  <testcase name="title" time="10.704" classname="testcases.HomePage"/>
  <testcase name="imgTest" time="11.163" classname="testcases.HomePage"/>
  <testcase name="dDnIndustries" time="13.557" classname="testcases.HomePage"/>
  <testcase name="btnConnect" time="15.256" classname="testcases.HomePage"/>
</testsuite> <!-- testcases.HomePage -->
