<?xml version="1.0" encoding="UTF-8"?>
<!-- Generated by org.testng.reporters.JUnitReportReporter -->
<testsuite skipped="0" hostname="CH1LPEGR90W7EQN" name="logging.SecondClass" tests="1" failures="0" timestamp="24 Nov 2021 08:33:44 GMT" time="1.613" errors="0">
  <testcase name="testLogging" time="1.613" classname="logging.SecondClass"/>
</testsuite> <!-- logging.SecondClass -->
