<?xml version="1.0" encoding="UTF-8"?>
<!-- Generated by org.testng.reporters.JUnitReportReporter -->
<testsuite skipped="0" hostname="CH1LPEGR90W7EQN" name="testcases.HomePage" tests="4" failures="0" timestamp="22 Oct 2021 07:46:11 GMT" time="50.243" errors="0">
  <testcase name="title" time="11.707" classname="testcases.HomePage"/>
  <testcase name="imgTest" time="10.926" classname="testcases.HomePage"/>
  <testcase name="dDnIndustries" time="13.475" classname="testcases.HomePage"/>
  <testcase name="btnConnect" time="14.135" classname="testcases.HomePage"/>
</testsuite> <!-- testcases.HomePage -->
