<?xml version="1.0" encoding="UTF-8"?>
<!-- Generated by org.testng.reporters.JUnitReportReporter -->
<testsuite skipped="0" hostname="CH1LPEGR90W7EQN" name="testcases.CSVTestCase" tests="1" failures="0" timestamp="22 Nov 2021 03:54:04 GMT" time="0.063" errors="0">
  <testcase name="f" time="0.063" classname="testcases.CSVTestCase"/>
</testsuite> <!-- testcases.CSVTestCase -->
