<?xml version="1.0" encoding="UTF-8"?>
<!-- Generated by org.testng.reporters.JUnitReportReporter -->
<testsuite skipped="0" hostname="CH1LPEGR90W7EQN" name="testcases.FirstTest" tests="1" failures="0" timestamp="24 Nov 2021 08:16:57 GMT" time="2.129" errors="0">
  <testcase name="testLogging" time="2.129" classname="testcases.FirstTest"/>
</testsuite> <!-- testcases.FirstTest -->
